<?xml version="1.0" encoding="UTF-8"?>
<testsuite xmlns:xsi="http://www.w3.org/2001/XMLSchema-instance" xsi:noNamespaceSchemaLocation="https://maven.apache.org/surefire/maven-surefire-plugin/xsd/surefire-test-report.xsd" name="mflix.api.daos.TimeoutsTest" time="1.28" tests="2" errors="2" skipped="0" failures="0">
  <properties>
[...]
</properties>
  <testcase name="testConfiguredConnectionTimeoutMs" classname="mflix.api.daos.TimeoutsTest" time="0.063">
    <error type="java.lang.NullPointerException">java.lang.NullPointerException
	at mflix.api.daos.TimeoutsTest.testConfiguredConnectionTimeoutMs(TimeoutsTest.java:58)
</error>
    <system-out><![CDATA[2021-05-06 14:00:50.768  INFO 47492 --- [           main] .b.t.c.SpringBootTestContextBootstrapper : Neither @ContextConfiguration nor @ContextHierarchy found for test class [mflix.api.daos.TimeoutsTest], using SpringBootContextLoader
2021-05-06 14:00:50.768  INFO 47492 --- [           main] o.s.t.c.support.AbstractContextLoader    : Could not detect default resource locations for test class [mflix.api.daos.TimeoutsTest]: no resource found for suffixes {-context.xml, Context.groovy}.
2021-05-06 14:00:50.771  INFO 47492 --- [           main] .b.t.c.SpringBootTestContextBootstrapper : Loaded default TestExecutionListener class names from location [META-INF/spring.factories]: [org.springframework.boot.test.mock.mockito.MockitoTestExecutionListener, org.springframework.boot.test.mock.mockito.ResetMocksTestExecutionListener, org.springframework.boot.test.autoconfigure.restdocs.RestDocsTestExecutionListener, org.springframework.boot.test.autoconfigure.web.client.MockRestServiceServerResetTestExecutionListener, org.springframework.boot.test.autoconfigure.web.servlet.MockMvcPrintOnlyOnFailureTestExecutionListener, org.springframework.boot.test.autoconfigure.web.servlet.WebDriverTestExecutionListener, org.springframework.test.context.web.ServletTestExecutionListener, org.springframework.test.context.support.DirtiesContextBeforeModesTestExecutionListener, org.springframework.test.context.support.DependencyInjectionTestExecutionListener, org.springframework.test.context.support.DirtiesContextTestExecutionListener, org.springframework.test.context.transaction.TransactionalTestExecutionListener, org.springframework.test.context.jdbc.SqlScriptsTestExecutionListener]
2021-05-06 14:00:50.772  INFO 47492 --- [           main] .b.t.c.SpringBootTestContextBootstrapper : Using TestExecutionListeners: [org.springframework.test.context.web.ServletTestExecutionListener@2f0ccb34, org.springframework.test.context.support.DirtiesContextBeforeModesTestExecutionListener@194012a2, org.springframework.boot.test.mock.mockito.MockitoTestExecutionListener@55296b50, org.springframework.boot.test.autoconfigure.SpringBootDependencyInjectionTestExecutionListener@60591e1b, org.springframework.test.context.support.DirtiesContextTestExecutionListener@29c53c4f, org.springframework.boot.test.mock.mockito.ResetMocksTestExecutionListener@3009eed7, org.springframework.boot.test.autoconfigure.restdocs.RestDocsTestExecutionListener@2ee4706d, org.springframework.boot.test.autoconfigure.web.client.MockRestServiceServerResetTestExecutionListener@6650a6c, org.springframework.boot.test.autoconfigure.web.servlet.MockMvcPrintOnlyOnFailureTestExecutionListener@64279ab, org.springframework.boot.test.autoconfigure.web.servlet.WebDriverTestExecutionListener@794240e2]

  .   ____          _            __ _ _
 /\\ / ___'_ __ _ _(_)_ __  __ _ \ \ \ \
( ( )\___ | '_ | '_| | '_ \/ _` | \ \ \ \
 \\/  ___)| |_)| | | | | || (_| |  ) ) ) )
  '  |____| .__|_| |_|_| |_\__, | / / / /
 =========|_|==============|___/=/_/_/_/
 :: Spring Boot ::        (v2.0.4.RELEASE)

2021-05-06 14:00:50.822  INFO 47492 --- [           main] mflix.api.daos.TimeoutsTest              : Starting TimeoutsTest on DESKTOP-LNBEGTI with PID 47492 (started by ux430u in C:\Users\ux430u\Documents\GitHub\mflix)
2021-05-06 14:00:50.823  INFO 47492 --- [           main] mflix.api.daos.TimeoutsTest              : No active profile set, falling back to default profiles: default
2021-05-06 14:00:50.827  INFO 47492 --- [           main] o.s.w.c.s.GenericWebApplicationContext   : Refreshing org.springframework.web.context.support.GenericWebApplicationContext@68dfda77: startup date [Thu May 06 14:00:50 WET 2021]; root of context hierarchy
2021-05-06 14:00:51.244  INFO 47492 --- [           main] org.mongodb.driver.cluster               : Cluster created with settings {hosts=[mflix-shard-00-01.g7y6a.mongodb.net:27017, mflix-shard-00-00.g7y6a.mongodb.net:27017, mflix-shard-00-02.g7y6a.mongodb.net:27017], mode=MULTIPLE, requiredClusterType=REPLICA_SET, serverSelectionTimeout='30000 ms', maxWaitQueueSize=500, requiredReplicaSetName='atlas-sbpqgj-shard-0'}
2021-05-06 14:00:51.244  INFO 47492 --- [           main] org.mongodb.driver.cluster               : Adding discovered server mflix-shard-00-01.g7y6a.mongodb.net:27017 to client view of cluster
2021-05-06 14:00:51.245  INFO 47492 --- [           main] org.mongodb.driver.cluster               : Adding discovered server mflix-shard-00-00.g7y6a.mongodb.net:27017 to client view of cluster
2021-05-06 14:00:51.245  INFO 47492 --- [           main] org.mongodb.driver.cluster               : Adding discovered server mflix-shard-00-02.g7y6a.mongodb.net:27017 to client view of cluster
2021-05-06 14:00:51.439  INFO 47492 --- [           main] o.s.w.s.handler.SimpleUrlHandlerMapping  : Mapped URL path [/**/favicon.ico] onto handler of type [class org.springframework.web.servlet.resource.ResourceHttpRequestHandler]
2021-05-06 14:00:51.585  INFO 47492 --- [           main] s.w.s.m.m.a.RequestMappingHandlerAdapter : Looking for @ControllerAdvice: org.springframework.web.context.support.GenericWebApplicationContext@68dfda77: startup date [Thu May 06 14:00:50 WET 2021]; root of context hierarchy
2021-05-06 14:00:51.609  INFO 47492 --- [           main] s.w.s.m.m.a.RequestMappingHandlerMapping : Mapped "{[/error]}" onto public org.springframework.http.ResponseEntity<java.util.Map<java.lang.String, java.lang.Object>> org.springframework.boot.autoconfigure.web.servlet.error.BasicErrorController.error(javax.servlet.http.HttpServletRequest)
2021-05-06 14:00:51.609  INFO 47492 --- [           main] s.w.s.m.m.a.RequestMappingHandlerMapping : Mapped "{[/error],produces=[text/html]}" onto public org.springframework.web.servlet.ModelAndView org.springframework.boot.autoconfigure.web.servlet.error.BasicErrorController.errorHtml(javax.servlet.http.HttpServletRequest,javax.servlet.http.HttpServletResponse)
2021-05-06 14:00:51.632  INFO 47492 --- [           main] o.s.w.s.handler.SimpleUrlHandlerMapping  : Mapped URL path [/webjars/**] onto handler of type [class org.springframework.web.servlet.resource.ResourceHttpRequestHandler]
2021-05-06 14:00:51.632  INFO 47492 --- [           main] o.s.w.s.handler.SimpleUrlHandlerMapping  : Mapped URL path [/**] onto handler of type [class org.springframework.web.servlet.resource.ResourceHttpRequestHandler]
2021-05-06 14:00:51.663  INFO 47492 --- [           main] o.s.b.a.w.s.WelcomePageHandlerMapping    : Adding welcome page: class path resource [build/index.html]
2021-05-06 14:00:51.780  INFO 47492 --- [           main] .s.s.UserDetailsServiceAutoConfiguration : 

Using generated security password: 9205b89e-03c7-45f7-9164-54e26921f05a

2021-05-06 14:00:51.819  INFO 47492 --- [ngodb.net:27017] org.mongodb.driver.connection            : Opened connection [connectionId{localValue:21, serverValue:142934}] to mflix-shard-00-01.g7y6a.mongodb.net:27017
2021-05-06 14:00:51.825  INFO 47492 --- [ngodb.net:27017] org.mongodb.driver.connection            : Opened connection [connectionId{localValue:22, serverValue:151244}] to mflix-shard-00-02.g7y6a.mongodb.net:27017
2021-05-06 14:00:51.827  INFO 47492 --- [ngodb.net:27017] org.mongodb.driver.connection            : Opened connection [connectionId{localValue:23, serverValue:143478}] to mflix-shard-00-00.g7y6a.mongodb.net:27017
2021-05-06 14:00:51.891  INFO 47492 --- [           main] o.s.s.web.DefaultSecurityFilterChain     : Creating filter chain: org.springframework.security.web.util.matcher.AnyRequestMatcher@1, [org.springframework.security.web.context.request.async.WebAsyncManagerIntegrationFilter@4bbf38b8, org.springframework.security.web.context.SecurityContextPersistenceFilter@2e3f324e, org.springframework.security.web.header.HeaderWriterFilter@6bb4cc0e, org.springframework.security.web.csrf.CsrfFilter@ddffa6c, org.springframework.security.web.authentication.logout.LogoutFilter@dc59ec2, org.springframework.security.web.authentication.UsernamePasswordAuthenticationFilter@38c460e8, org.springframework.security.web.authentication.ui.DefaultLoginPageGeneratingFilter@5abf6a99, org.springframework.security.web.authentication.www.BasicAuthenticationFilter@7a814310, org.springframework.security.web.savedrequest.RequestCacheAwareFilter@46cf8c07, org.springframework.security.web.servletapi.SecurityContextHolderAwareRequestFilter@b56ec6c, org.springframework.security.web.authentication.AnonymousAuthenticationFilter@4e67cfe1, org.springframework.security.web.session.SessionManagementFilter@5cc1bf20, org.springframework.security.web.access.ExceptionTranslationFilter@42c54bad, org.springframework.security.web.access.intercept.FilterSecurityInterceptor@b01cb8d]
2021-05-06 14:00:51.927  INFO 47492 --- [ngodb.net:27017] org.mongodb.driver.cluster               : Monitor thread successfully connected to server with description ServerDescription{address=mflix-shard-00-01.g7y6a.mongodb.net:27017, type=REPLICA_SET_SECONDARY, state=CONNECTED, ok=true, version=ServerVersion{versionList=[4, 4, 5]}, minWireVersion=0, maxWireVersion=9, maxDocumentSize=16777216, logicalSessionTimeoutMinutes=30, roundTripTimeNanos=106965300, setName='atlas-sbpqgj-shard-0', canonicalAddress=mflix-shard-00-01.g7y6a.mongodb.net:27017, hosts=[mflix-shard-00-00.g7y6a.mongodb.net:27017, mflix-shard-00-01.g7y6a.mongodb.net:27017, mflix-shard-00-02.g7y6a.mongodb.net:27017], passives=[], arbiters=[], primary='mflix-shard-00-02.g7y6a.mongodb.net:27017', tagSet=TagSet{[Tag{name='nodeType', value='ELECTABLE'}, Tag{name='provider', value='AWS'}, Tag{name='region', value='US_EAST_1'}, Tag{name='workloadType', value='OPERATIONAL'}]}, electionId=null, setVersion=1, lastWriteDate=Thu May 06 14:00:52 WET 2021, lastUpdateTimeNanos=1391919847602100}
2021-05-06 14:00:51.932  INFO 47492 --- [ngodb.net:27017] org.mongodb.driver.cluster               : Monitor thread successfully connected to server with description ServerDescription{address=mflix-shard-00-02.g7y6a.mongodb.net:27017, type=REPLICA_SET_PRIMARY, state=CONNECTED, ok=true, version=ServerVersion{versionList=[4, 4, 5]}, minWireVersion=0, maxWireVersion=9, maxDocumentSize=16777216, logicalSessionTimeoutMinutes=30, roundTripTimeNanos=105869900, setName='atlas-sbpqgj-shard-0', canonicalAddress=mflix-shard-00-02.g7y6a.mongodb.net:27017, hosts=[mflix-shard-00-00.g7y6a.mongodb.net:27017, mflix-shard-00-01.g7y6a.mongodb.net:27017, mflix-shard-00-02.g7y6a.mongodb.net:27017], passives=[], arbiters=[], primary='mflix-shard-00-02.g7y6a.mongodb.net:27017', tagSet=TagSet{[Tag{name='workloadType', value='OPERATIONAL'}, Tag{name='nodeType', value='ELECTABLE'}, Tag{name='region', value='US_EAST_1'}, Tag{name='provider', value='AWS'}]}, electionId=7fffffff0000000000000004, setVersion=1, lastWriteDate=Thu May 06 14:00:52 WET 2021, lastUpdateTimeNanos=1391919852528300}
2021-05-06 14:00:51.933  INFO 47492 --- [ngodb.net:27017] org.mongodb.driver.cluster               : Setting max election id to 7fffffff0000000000000004 from replica set primary mflix-shard-00-02.g7y6a.mongodb.net:27017
2021-05-06 14:00:51.933  INFO 47492 --- [ngodb.net:27017] org.mongodb.driver.cluster               : Setting max set version to 1 from replica set primary mflix-shard-00-02.g7y6a.mongodb.net:27017
2021-05-06 14:00:51.933  INFO 47492 --- [ngodb.net:27017] org.mongodb.driver.cluster               : Discovered replica set primary mflix-shard-00-02.g7y6a.mongodb.net:27017
2021-05-06 14:00:51.934  INFO 47492 --- [ngodb.net:27017] org.mongodb.driver.cluster               : Monitor thread successfully connected to server with description ServerDescription{address=mflix-shard-00-00.g7y6a.mongodb.net:27017, type=REPLICA_SET_SECONDARY, state=CONNECTED, ok=true, version=ServerVersion{versionList=[4, 4, 5]}, minWireVersion=0, maxWireVersion=9, maxDocumentSize=16777216, logicalSessionTimeoutMinutes=30, roundTripTimeNanos=105734200, setName='atlas-sbpqgj-shard-0', canonicalAddress=mflix-shard-00-00.g7y6a.mongodb.net:27017, hosts=[mflix-shard-00-00.g7y6a.mongodb.net:27017, mflix-shard-00-01.g7y6a.mongodb.net:27017, mflix-shard-00-02.g7y6a.mongodb.net:27017], passives=[], arbiters=[], primary='mflix-shard-00-02.g7y6a.mongodb.net:27017', tagSet=TagSet{[Tag{name='region', value='US_EAST_1'}, Tag{name='nodeType', value='ELECTABLE'}, Tag{name='provider', value='AWS'}, Tag{name='workloadType', value='OPERATIONAL'}]}, electionId=null, setVersion=1, lastWriteDate=Thu May 06 14:00:52 WET 2021, lastUpdateTimeNanos=1391919854217900}
2021-05-06 14:00:51.939  INFO 47492 --- [           main] mflix.api.daos.TimeoutsTest              : Started TimeoutsTest in 1.164 seconds (JVM running for 21.748)
2021-05-06 14:00:51.978  INFO 47492 --- [           main] org.mongodb.driver.cluster               : Cluster created with settings {hosts=[mflix-shard-00-02.g7y6a.mongodb.net:27017, mflix-shard-00-01.g7y6a.mongodb.net:27017, mflix-shard-00-00.g7y6a.mongodb.net:27017], mode=MULTIPLE, requiredClusterType=REPLICA_SET, serverSelectionTimeout='30000 ms', maxWaitQueueSize=500, requiredReplicaSetName='atlas-sbpqgj-shard-0'}
2021-05-06 14:00:51.978  INFO 47492 --- [           main] org.mongodb.driver.cluster               : Adding discovered server mflix-shard-00-02.g7y6a.mongodb.net:27017 to client view of cluster
2021-05-06 14:00:51.979  INFO 47492 --- [           main] org.mongodb.driver.cluster               : Adding discovered server mflix-shard-00-01.g7y6a.mongodb.net:27017 to client view of cluster
2021-05-06 14:00:51.979  INFO 47492 --- [           main] org.mongodb.driver.cluster               : Adding discovered server mflix-shard-00-00.g7y6a.mongodb.net:27017 to client view of cluster
]]></system-out>
  </testcase>
  <testcase name="testConfiguredWtimeout" classname="mflix.api.daos.TimeoutsTest" time="0.041">
    <error type="java.lang.NullPointerException">java.lang.NullPointerException
	at mflix.api.daos.TimeoutsTest.testConfiguredWtimeout(TimeoutsTest.java:49)
</error>
    <system-out><![CDATA[2021-05-06 14:00:52.032  INFO 47492 --- [           main] org.mongodb.driver.cluster               : Cluster created with settings {hosts=[mflix-shard-00-01.g7y6a.mongodb.net:27017, mflix-shard-00-00.g7y6a.mongodb.net:27017, mflix-shard-00-02.g7y6a.mongodb.net:27017], mode=MULTIPLE, requiredClusterType=REPLICA_SET, serverSelectionTimeout='30000 ms', maxWaitQueueSize=500, requiredReplicaSetName='atlas-sbpqgj-shard-0'}
2021-05-06 14:00:52.033  INFO 47492 --- [           main] org.mongodb.driver.cluster               : Adding discovered server mflix-shard-00-01.g7y6a.mongodb.net:27017 to client view of cluster
2021-05-06 14:00:52.036  INFO 47492 --- [           main] org.mongodb.driver.cluster               : Adding discovered server mflix-shard-00-00.g7y6a.mongodb.net:27017 to client view of cluster
2021-05-06 14:00:52.041  INFO 47492 --- [           main] org.mongodb.driver.cluster               : Adding discovered server mflix-shard-00-02.g7y6a.mongodb.net:27017 to client view of cluster
]]></system-out>
  </testcase>
</testsuite>