<?xml version="1.0" encoding="UTF-8"?>
<testsuite xmlns:xsi="http://www.w3.org/2001/XMLSchema-instance" xsi:noNamespaceSchemaLocation="https://maven.apache.org/surefire/maven-surefire-plugin/xsd/surefire-test-report.xsd" name="mflix.api.daos.ConnectionPoolingTest" time="0.579" tests="1" errors="0" skipped="0" failures="1">
  <properties>
[...]
</properties>
  <testcase name="testConnectionPoolSize" classname="mflix.api.daos.ConnectionPoolingTest" time="0.537">
    <failure message="Do not forget to set the maxPoolSize parameter in your spring.mongodb.uri key in the properties file" type="java.lang.AssertionError">java.lang.AssertionError: Do not forget to set the maxPoolSize parameter in your spring.mongodb.uri key in the properties file
	at mflix.api.daos.ConnectionPoolingTest.testConnectionPoolSize(ConnectionPoolingTest.java:21)
</failure>
  </testcase>
</testsuite>