<?xml version="1.0" encoding="UTF-8"?>
<testsuite xmlns:xsi="http://www.w3.org/2001/XMLSchema-instance" xsi:noNamespaceSchemaLocation="https://maven.apache.org/surefire/maven-surefire-plugin/xsd/surefire-test-report.xsd" name="mflix.api.daos.UpdateCreateCommentTest" time="1.267" tests="5" errors="0" skipped="0" failures="3">
  <properties>
[...]
</properties>
  <testcase name="testUserAddCommentWithNoID" classname="mflix.api.daos.UpdateCreateCommentTest" time="0.217">
    <failure message="Expected exception: mflix.api.daos.IncorrectDaoOperation" type="java.lang.AssertionError">java.lang.AssertionError: Expected exception: mflix.api.daos.IncorrectDaoOperation
</failure>
    <system-out><![CDATA[2021-05-06 14:00:52.051  INFO 47492 --- [           main] .b.t.c.SpringBootTestContextBootstrapper : Neither @ContextConfiguration nor @ContextHierarchy found for test class [mflix.api.daos.UpdateCreateCommentTest], using SpringBootContextLoader
2021-05-06 14:00:52.054  INFO 47492 --- [           main] o.s.t.c.support.AbstractContextLoader    : Could not detect default resource locations for test class [mflix.api.daos.UpdateCreateCommentTest]: no resource found for suffixes {-context.xml, Context.groovy}.
2021-05-06 14:00:52.061  INFO 47492 --- [           main] .b.t.c.SpringBootTestContextBootstrapper : Loaded default TestExecutionListener class names from location [META-INF/spring.factories]: [org.springframework.boot.test.mock.mockito.MockitoTestExecutionListener, org.springframework.boot.test.mock.mockito.ResetMocksTestExecutionListener, org.springframework.boot.test.autoconfigure.restdocs.RestDocsTestExecutionListener, org.springframework.boot.test.autoconfigure.web.client.MockRestServiceServerResetTestExecutionListener, org.springframework.boot.test.autoconfigure.web.servlet.MockMvcPrintOnlyOnFailureTestExecutionListener, org.springframework.boot.test.autoconfigure.web.servlet.WebDriverTestExecutionListener, org.springframework.test.context.web.ServletTestExecutionListener, org.springframework.test.context.support.DirtiesContextBeforeModesTestExecutionListener, org.springframework.test.context.support.DependencyInjectionTestExecutionListener, org.springframework.test.context.support.DirtiesContextTestExecutionListener, org.springframework.test.context.transaction.TransactionalTestExecutionListener, org.springframework.test.context.jdbc.SqlScriptsTestExecutionListener]
2021-05-06 14:00:52.063  INFO 47492 --- [           main] .b.t.c.SpringBootTestContextBootstrapper : Using TestExecutionListeners: [org.springframework.test.context.web.ServletTestExecutionListener@57c69937, org.springframework.test.context.support.DirtiesContextBeforeModesTestExecutionListener@1ad1c363, org.springframework.boot.test.mock.mockito.MockitoTestExecutionListener@446b64b3, org.springframework.boot.test.autoconfigure.SpringBootDependencyInjectionTestExecutionListener@35ac9ebd, org.springframework.test.context.support.DirtiesContextTestExecutionListener@56c0a61e, org.springframework.boot.test.mock.mockito.ResetMocksTestExecutionListener@421ead7e, org.springframework.boot.test.autoconfigure.restdocs.RestDocsTestExecutionListener@5dcf0772, org.springframework.boot.test.autoconfigure.web.client.MockRestServiceServerResetTestExecutionListener@c472300, org.springframework.boot.test.autoconfigure.web.servlet.MockMvcPrintOnlyOnFailureTestExecutionListener@5f6494c0, org.springframework.boot.test.autoconfigure.web.servlet.WebDriverTestExecutionListener@6826b70f]
]]></system-out>
  </testcase>
  <testcase name="testAddCommentUsingObjectId" classname="mflix.api.daos.UpdateCreateCommentTest" time="0.386"/>
  <testcase name="testUserUpdatesOwnComments" classname="mflix.api.daos.UpdateCreateCommentTest" time="0.211">
    <failure message="Should be able to update his own comments. Check updateComment implementation" type="java.lang.AssertionError">java.lang.AssertionError: Should be able to update his own comments. Check updateComment implementation
	at mflix.api.daos.UpdateCreateCommentTest.testUserUpdatesOwnComments(UpdateCreateCommentTest.java:87)
</failure>
    <system-out><![CDATA[2021-05-06 14:00:52.704  INFO 47492 --- [ngodb.net:27017] org.mongodb.driver.cluster               : Monitor thread successfully connected to server with description ServerDescription{address=mflix-shard-00-00.g7y6a.mongodb.net:27017, type=REPLICA_SET_SECONDARY, state=CONNECTED, ok=true, version=ServerVersion{versionList=[4, 4, 5]}, minWireVersion=0, maxWireVersion=9, maxDocumentSize=16777216, logicalSessionTimeoutMinutes=30, roundTripTimeNanos=135541400, setName='atlas-sbpqgj-shard-0', canonicalAddress=mflix-shard-00-00.g7y6a.mongodb.net:27017, hosts=[mflix-shard-00-00.g7y6a.mongodb.net:27017, mflix-shard-00-01.g7y6a.mongodb.net:27017, mflix-shard-00-02.g7y6a.mongodb.net:27017], passives=[], arbiters=[], primary='mflix-shard-00-02.g7y6a.mongodb.net:27017', tagSet=TagSet{[Tag{name='region', value='US_EAST_1'}, Tag{name='nodeType', value='ELECTABLE'}, Tag{name='provider', value='AWS'}, Tag{name='workloadType', value='OPERATIONAL'}]}, electionId=null, setVersion=1, lastWriteDate=Thu May 06 14:00:53 WET 2021, lastUpdateTimeNanos=1391920624643000}
2021-05-06 14:00:52.705  INFO 47492 --- [ngodb.net:27017] org.mongodb.driver.connection            : Opened connection [connectionId{localValue:27, serverValue:142934}] to mflix-shard-00-01.g7y6a.mongodb.net:27017
2021-05-06 14:00:52.705  INFO 47492 --- [ngodb.net:27017] org.mongodb.driver.cluster               : Monitor thread successfully connected to server with description ServerDescription{address=mflix-shard-00-02.g7y6a.mongodb.net:27017, type=REPLICA_SET_PRIMARY, state=CONNECTED, ok=true, version=ServerVersion{versionList=[4, 4, 5]}, minWireVersion=0, maxWireVersion=9, maxDocumentSize=16777216, logicalSessionTimeoutMinutes=30, roundTripTimeNanos=123596300, setName='atlas-sbpqgj-shard-0', canonicalAddress=mflix-shard-00-02.g7y6a.mongodb.net:27017, hosts=[mflix-shard-00-00.g7y6a.mongodb.net:27017, mflix-shard-00-01.g7y6a.mongodb.net:27017, mflix-shard-00-02.g7y6a.mongodb.net:27017], passives=[], arbiters=[], primary='mflix-shard-00-02.g7y6a.mongodb.net:27017', tagSet=TagSet{[Tag{name='provider', value='AWS'}, Tag{name='workloadType', value='OPERATIONAL'}, Tag{name='region', value='US_EAST_1'}, Tag{name='nodeType', value='ELECTABLE'}]}, electionId=7fffffff0000000000000004, setVersion=1, lastWriteDate=Thu May 06 14:00:53 WET 2021, lastUpdateTimeNanos=1391920626315900}
2021-05-06 14:00:52.705  INFO 47492 --- [ngodb.net:27017] org.mongodb.driver.connection            : Opened connection [connectionId{localValue:28, serverValue:143480}] to mflix-shard-00-00.g7y6a.mongodb.net:27017
2021-05-06 14:00:52.705  INFO 47492 --- [ngodb.net:27017] org.mongodb.driver.cluster               : Monitor thread successfully connected to server with description ServerDescription{address=mflix-shard-00-01.g7y6a.mongodb.net:27017, type=REPLICA_SET_SECONDARY, state=CONNECTED, ok=true, version=ServerVersion{versionList=[4, 4, 5]}, minWireVersion=0, maxWireVersion=9, maxDocumentSize=16777216, logicalSessionTimeoutMinutes=30, roundTripTimeNanos=134292300, setName='atlas-sbpqgj-shard-0', canonicalAddress=mflix-shard-00-01.g7y6a.mongodb.net:27017, hosts=[mflix-shard-00-00.g7y6a.mongodb.net:27017, mflix-shard-00-01.g7y6a.mongodb.net:27017, mflix-shard-00-02.g7y6a.mongodb.net:27017], passives=[], arbiters=[], primary='mflix-shard-00-02.g7y6a.mongodb.net:27017', tagSet=TagSet{[Tag{name='nodeType', value='ELECTABLE'}, Tag{name='provider', value='AWS'}, Tag{name='region', value='US_EAST_1'}, Tag{name='workloadType', value='OPERATIONAL'}]}, electionId=null, setVersion=1, lastWriteDate=Thu May 06 14:00:53 WET 2021, lastUpdateTimeNanos=1391920626357500}
2021-05-06 14:00:52.706  INFO 47492 --- [ngodb.net:27017] org.mongodb.driver.cluster               : Setting max election id to 7fffffff0000000000000004 from replica set primary mflix-shard-00-02.g7y6a.mongodb.net:27017
2021-05-06 14:00:52.706  INFO 47492 --- [ngodb.net:27017] org.mongodb.driver.connection            : Opened connection [connectionId{localValue:29, serverValue:151244}] to mflix-shard-00-02.g7y6a.mongodb.net:27017
2021-05-06 14:00:52.706  INFO 47492 --- [ngodb.net:27017] org.mongodb.driver.cluster               : Setting max set version to 1 from replica set primary mflix-shard-00-02.g7y6a.mongodb.net:27017
2021-05-06 14:00:52.706  INFO 47492 --- [ngodb.net:27017] org.mongodb.driver.cluster               : Discovered replica set primary mflix-shard-00-02.g7y6a.mongodb.net:27017
2021-05-06 14:00:52.807  INFO 47492 --- [ngodb.net:27017] org.mongodb.driver.cluster               : Monitor thread successfully connected to server with description ServerDescription{address=mflix-shard-00-01.g7y6a.mongodb.net:27017, type=REPLICA_SET_SECONDARY, state=CONNECTED, ok=true, version=ServerVersion{versionList=[4, 4, 5]}, minWireVersion=0, maxWireVersion=9, maxDocumentSize=16777216, logicalSessionTimeoutMinutes=30, roundTripTimeNanos=101340000, setName='atlas-sbpqgj-shard-0', canonicalAddress=mflix-shard-00-01.g7y6a.mongodb.net:27017, hosts=[mflix-shard-00-00.g7y6a.mongodb.net:27017, mflix-shard-00-01.g7y6a.mongodb.net:27017, mflix-shard-00-02.g7y6a.mongodb.net:27017], passives=[], arbiters=[], primary='mflix-shard-00-02.g7y6a.mongodb.net:27017', tagSet=TagSet{[Tag{name='nodeType', value='ELECTABLE'}, Tag{name='provider', value='AWS'}, Tag{name='region', value='US_EAST_1'}, Tag{name='workloadType', value='OPERATIONAL'}]}, electionId=null, setVersion=1, lastWriteDate=Thu May 06 14:00:53 WET 2021, lastUpdateTimeNanos=1391920727760900}
2021-05-06 14:00:52.811  INFO 47492 --- [ngodb.net:27017] org.mongodb.driver.cluster               : Monitor thread successfully connected to server with description ServerDescription{address=mflix-shard-00-00.g7y6a.mongodb.net:27017, type=REPLICA_SET_SECONDARY, state=CONNECTED, ok=true, version=ServerVersion{versionList=[4, 4, 5]}, minWireVersion=0, maxWireVersion=9, maxDocumentSize=16777216, logicalSessionTimeoutMinutes=30, roundTripTimeNanos=104824000, setName='atlas-sbpqgj-shard-0', canonicalAddress=mflix-shard-00-00.g7y6a.mongodb.net:27017, hosts=[mflix-shard-00-00.g7y6a.mongodb.net:27017, mflix-shard-00-01.g7y6a.mongodb.net:27017, mflix-shard-00-02.g7y6a.mongodb.net:27017], passives=[], arbiters=[], primary='mflix-shard-00-02.g7y6a.mongodb.net:27017', tagSet=TagSet{[Tag{name='region', value='US_EAST_1'}, Tag{name='nodeType', value='ELECTABLE'}, Tag{name='provider', value='AWS'}, Tag{name='workloadType', value='OPERATIONAL'}]}, electionId=null, setVersion=1, lastWriteDate=Thu May 06 14:00:53 WET 2021, lastUpdateTimeNanos=1391920731431800}
2021-05-06 14:00:52.811  INFO 47492 --- [ngodb.net:27017] org.mongodb.driver.cluster               : Monitor thread successfully connected to server with description ServerDescription{address=mflix-shard-00-02.g7y6a.mongodb.net:27017, type=REPLICA_SET_PRIMARY, state=CONNECTED, ok=true, version=ServerVersion{versionList=[4, 4, 5]}, minWireVersion=0, maxWireVersion=9, maxDocumentSize=16777216, logicalSessionTimeoutMinutes=30, roundTripTimeNanos=105115300, setName='atlas-sbpqgj-shard-0', canonicalAddress=mflix-shard-00-02.g7y6a.mongodb.net:27017, hosts=[mflix-shard-00-00.g7y6a.mongodb.net:27017, mflix-shard-00-01.g7y6a.mongodb.net:27017, mflix-shard-00-02.g7y6a.mongodb.net:27017], passives=[], arbiters=[], primary='mflix-shard-00-02.g7y6a.mongodb.net:27017', tagSet=TagSet{[Tag{name='nodeType', value='ELECTABLE'}, Tag{name='provider', value='AWS'}, Tag{name='workloadType', value='OPERATIONAL'}, Tag{name='region', value='US_EAST_1'}]}, electionId=7fffffff0000000000000004, setVersion=1, lastWriteDate=Thu May 06 14:00:53 WET 2021, lastUpdateTimeNanos=1391920732290100}
2021-05-06 14:00:52.812  INFO 47492 --- [ngodb.net:27017] org.mongodb.driver.cluster               : Setting max election id to 7fffffff0000000000000004 from replica set primary mflix-shard-00-02.g7y6a.mongodb.net:27017
2021-05-06 14:00:52.812  INFO 47492 --- [ngodb.net:27017] org.mongodb.driver.cluster               : Setting max set version to 1 from replica set primary mflix-shard-00-02.g7y6a.mongodb.net:27017
2021-05-06 14:00:52.812  INFO 47492 --- [ngodb.net:27017] org.mongodb.driver.cluster               : Discovered replica set primary mflix-shard-00-02.g7y6a.mongodb.net:27017
]]></system-out>
  </testcase>
  <testcase name="testUserFailsUpdateOthersComments" classname="mflix.api.daos.UpdateCreateCommentTest" time="0.214"/>
  <testcase name="testAddCommentWithId" classname="mflix.api.daos.UpdateCreateCommentTest" time="0.22">
    <failure message="Comment should have been correctly added. Check your addComments method" type="java.lang.AssertionError">java.lang.AssertionError: Comment should have been correctly added. Check your addComments method
	at mflix.api.daos.UpdateCreateCommentTest.testAddCommentWithId(UpdateCreateCommentTest.java:127)
</failure>
  </testcase>
</testsuite>