<?xml version="1.0" encoding="UTF-8"?>
<testsuite xmlns:xsi="http://www.w3.org/2001/XMLSchema-instance" xsi:noNamespaceSchemaLocation="https://maven.apache.org/surefire/maven-surefire-plugin/xsd/surefire-test-report.xsd" name="mflix.api.daos.MigrationTest" time="3.615" tests="2" errors="0" skipped="0" failures="2">
  <properties>
[...]
</properties>
  <testcase name="testAllDocumentsIMDBRatingNumber" classname="mflix.api.daos.MigrationTest" time="1.822">
    <failure message="Should not find documents where `imdb.rating` is of not of `number` type expected:&lt;0&gt; but was:&lt;61&gt;" type="java.lang.AssertionError"><![CDATA[java.lang.AssertionError: Should not find documents where `imdb.rating` is of not of `number` type expected:<0> but was:<61>
	at mflix.api.daos.MigrationTest.testAllDocumentsIMDBRatingNumber(MigrationTest.java:42)
]]></failure>
    <system-out><![CDATA[2021-05-06 14:00:44.030  INFO 47492 --- [           main] org.mongodb.driver.cluster               : Cluster created with settings {hosts=[mflix-shard-00-01.g7y6a.mongodb.net:27017, mflix-shard-00-02.g7y6a.mongodb.net:27017, mflix-shard-00-00.g7y6a.mongodb.net:27017], mode=MULTIPLE, requiredClusterType=REPLICA_SET, serverSelectionTimeout='30000 ms', maxWaitQueueSize=500, requiredReplicaSetName='atlas-sbpqgj-shard-0'}
2021-05-06 14:00:44.030  INFO 47492 --- [           main] org.mongodb.driver.cluster               : Adding discovered server mflix-shard-00-01.g7y6a.mongodb.net:27017 to client view of cluster
2021-05-06 14:00:44.031  INFO 47492 --- [           main] org.mongodb.driver.cluster               : Adding discovered server mflix-shard-00-02.g7y6a.mongodb.net:27017 to client view of cluster
2021-05-06 14:00:44.032  INFO 47492 --- [           main] org.mongodb.driver.cluster               : Adding discovered server mflix-shard-00-00.g7y6a.mongodb.net:27017 to client view of cluster
2021-05-06 14:00:44.035  INFO 47492 --- [           main] org.mongodb.driver.cluster               : No server chosen by com.mongodb.client.internal.MongoClientDelegate$1@3487442d from cluster description ClusterDescription{type=REPLICA_SET, connectionMode=MULTIPLE, serverDescriptions=[ServerDescription{address=mflix-shard-00-02.g7y6a.mongodb.net:27017, type=UNKNOWN, state=CONNECTING}, ServerDescription{address=mflix-shard-00-01.g7y6a.mongodb.net:27017, type=UNKNOWN, state=CONNECTING}, ServerDescription{address=mflix-shard-00-00.g7y6a.mongodb.net:27017, type=UNKNOWN, state=CONNECTING}]}. Waiting for 30000 ms before timing out
2021-05-06 14:00:44.603  INFO 47492 --- [ngodb.net:27017] org.mongodb.driver.connection            : Opened connection [connectionId{localValue:14, serverValue:143474}] to mflix-shard-00-00.g7y6a.mongodb.net:27017
2021-05-06 14:00:44.623  INFO 47492 --- [ngodb.net:27017] org.mongodb.driver.connection            : Opened connection [connectionId{localValue:13, serverValue:142930}] to mflix-shard-00-01.g7y6a.mongodb.net:27017
2021-05-06 14:00:44.628  INFO 47492 --- [ngodb.net:27017] org.mongodb.driver.connection            : Opened connection [connectionId{localValue:15, serverValue:151248}] to mflix-shard-00-02.g7y6a.mongodb.net:27017
2021-05-06 14:00:44.708  INFO 47492 --- [ngodb.net:27017] org.mongodb.driver.cluster               : Monitor thread successfully connected to server with description ServerDescription{address=mflix-shard-00-00.g7y6a.mongodb.net:27017, type=REPLICA_SET_SECONDARY, state=CONNECTED, ok=true, version=ServerVersion{versionList=[4, 4, 5]}, minWireVersion=0, maxWireVersion=9, maxDocumentSize=16777216, logicalSessionTimeoutMinutes=30, roundTripTimeNanos=104240500, setName='atlas-sbpqgj-shard-0', canonicalAddress=mflix-shard-00-00.g7y6a.mongodb.net:27017, hosts=[mflix-shard-00-00.g7y6a.mongodb.net:27017, mflix-shard-00-01.g7y6a.mongodb.net:27017, mflix-shard-00-02.g7y6a.mongodb.net:27017], passives=[], arbiters=[], primary='mflix-shard-00-02.g7y6a.mongodb.net:27017', tagSet=TagSet{[Tag{name='region', value='US_EAST_1'}, Tag{name='nodeType', value='ELECTABLE'}, Tag{name='provider', value='AWS'}, Tag{name='workloadType', value='OPERATIONAL'}]}, electionId=null, setVersion=1, lastWriteDate=Thu May 06 14:00:45 WET 2021, lastUpdateTimeNanos=1391912627861500}
2021-05-06 14:00:44.710  INFO 47492 --- [           main] org.mongodb.driver.cluster               : No server chosen by ReadPreferenceServerSelector{readPreference=primary} from cluster description ClusterDescription{type=REPLICA_SET, connectionMode=MULTIPLE, serverDescriptions=[ServerDescription{address=mflix-shard-00-02.g7y6a.mongodb.net:27017, type=UNKNOWN, state=CONNECTING}, ServerDescription{address=mflix-shard-00-01.g7y6a.mongodb.net:27017, type=UNKNOWN, state=CONNECTING}, ServerDescription{address=mflix-shard-00-00.g7y6a.mongodb.net:27017, type=REPLICA_SET_SECONDARY, state=CONNECTED, ok=true, version=ServerVersion{versionList=[4, 4, 5]}, minWireVersion=0, maxWireVersion=9, maxDocumentSize=16777216, logicalSessionTimeoutMinutes=30, roundTripTimeNanos=104240500, setName='atlas-sbpqgj-shard-0', canonicalAddress=mflix-shard-00-00.g7y6a.mongodb.net:27017, hosts=[mflix-shard-00-00.g7y6a.mongodb.net:27017, mflix-shard-00-01.g7y6a.mongodb.net:27017, mflix-shard-00-02.g7y6a.mongodb.net:27017], passives=[], arbiters=[], primary='mflix-shard-00-02.g7y6a.mongodb.net:27017', tagSet=TagSet{[Tag{name='region', value='US_EAST_1'}, Tag{name='nodeType', value='ELECTABLE'}, Tag{name='provider', value='AWS'}, Tag{name='workloadType', value='OPERATIONAL'}]}, electionId=null, setVersion=1, lastWriteDate=Thu May 06 14:00:45 WET 2021, lastUpdateTimeNanos=1391912627861500}]}. Waiting for 30000 ms before timing out
2021-05-06 14:00:44.725  INFO 47492 --- [ngodb.net:27017] org.mongodb.driver.cluster               : Monitor thread successfully connected to server with description ServerDescription{address=mflix-shard-00-01.g7y6a.mongodb.net:27017, type=REPLICA_SET_SECONDARY, state=CONNECTED, ok=true, version=ServerVersion{versionList=[4, 4, 5]}, minWireVersion=0, maxWireVersion=9, maxDocumentSize=16777216, logicalSessionTimeoutMinutes=30, roundTripTimeNanos=102111200, setName='atlas-sbpqgj-shard-0', canonicalAddress=mflix-shard-00-01.g7y6a.mongodb.net:27017, hosts=[mflix-shard-00-00.g7y6a.mongodb.net:27017, mflix-shard-00-01.g7y6a.mongodb.net:27017, mflix-shard-00-02.g7y6a.mongodb.net:27017], passives=[], arbiters=[], primary='mflix-shard-00-02.g7y6a.mongodb.net:27017', tagSet=TagSet{[Tag{name='nodeType', value='ELECTABLE'}, Tag{name='workloadType', value='OPERATIONAL'}, Tag{name='region', value='US_EAST_1'}, Tag{name='provider', value='AWS'}]}, electionId=null, setVersion=1, lastWriteDate=Thu May 06 14:00:45 WET 2021, lastUpdateTimeNanos=1391912645465500}
2021-05-06 14:00:44.731  INFO 47492 --- [ngodb.net:27017] org.mongodb.driver.cluster               : Monitor thread successfully connected to server with description ServerDescription{address=mflix-shard-00-02.g7y6a.mongodb.net:27017, type=REPLICA_SET_PRIMARY, state=CONNECTED, ok=true, version=ServerVersion{versionList=[4, 4, 5]}, minWireVersion=0, maxWireVersion=9, maxDocumentSize=16777216, logicalSessionTimeoutMinutes=30, roundTripTimeNanos=103211800, setName='atlas-sbpqgj-shard-0', canonicalAddress=mflix-shard-00-02.g7y6a.mongodb.net:27017, hosts=[mflix-shard-00-00.g7y6a.mongodb.net:27017, mflix-shard-00-01.g7y6a.mongodb.net:27017, mflix-shard-00-02.g7y6a.mongodb.net:27017], passives=[], arbiters=[], primary='mflix-shard-00-02.g7y6a.mongodb.net:27017', tagSet=TagSet{[Tag{name='provider', value='AWS'}, Tag{name='workloadType', value='OPERATIONAL'}, Tag{name='nodeType', value='ELECTABLE'}, Tag{name='region', value='US_EAST_1'}]}, electionId=7fffffff0000000000000004, setVersion=1, lastWriteDate=Thu May 06 14:00:45 WET 2021, lastUpdateTimeNanos=1391912651293700}
2021-05-06 14:00:44.731  INFO 47492 --- [ngodb.net:27017] org.mongodb.driver.cluster               : Setting max election id to 7fffffff0000000000000004 from replica set primary mflix-shard-00-02.g7y6a.mongodb.net:27017
2021-05-06 14:00:44.732  INFO 47492 --- [ngodb.net:27017] org.mongodb.driver.cluster               : Setting max set version to 1 from replica set primary mflix-shard-00-02.g7y6a.mongodb.net:27017
2021-05-06 14:00:44.733  INFO 47492 --- [ngodb.net:27017] org.mongodb.driver.cluster               : Discovered replica set primary mflix-shard-00-02.g7y6a.mongodb.net:27017
2021-05-06 14:00:45.586  INFO 47492 --- [           main] org.mongodb.driver.connection            : Opened connection [connectionId{localValue:16, serverValue:151248}] to mflix-shard-00-02.g7y6a.mongodb.net:27017
]]></system-out>
  </testcase>
  <testcase name="testAllDocumentsUpdateDateIsDateType" classname="mflix.api.daos.MigrationTest" time="1.792">
    <failure message="Should not find documents where `lastupdated` is of `string` type expected:&lt;0&gt; but was:&lt;23530&gt;" type="java.lang.AssertionError"><![CDATA[java.lang.AssertionError: Should not find documents where `lastupdated` is of `string` type expected:<0> but was:<23530>
	at mflix.api.daos.MigrationTest.testAllDocumentsUpdateDateIsDateType(MigrationTest.java:31)
]]></failure>
    <system-out><![CDATA[2021-05-06 14:00:45.814  INFO 47492 --- [ngodb.net:27017] org.mongodb.driver.cluster               : Monitor thread successfully connected to server with description ServerDescription{address=mflix-shard-00-02.g7y6a.mongodb.net:27017, type=REPLICA_SET_PRIMARY, state=CONNECTED, ok=true, version=ServerVersion{versionList=[4, 4, 5]}, minWireVersion=0, maxWireVersion=9, maxDocumentSize=16777216, logicalSessionTimeoutMinutes=30, roundTripTimeNanos=124313940, setName='atlas-sbpqgj-shard-0', canonicalAddress=mflix-shard-00-02.g7y6a.mongodb.net:27017, hosts=[mflix-shard-00-00.g7y6a.mongodb.net:27017, mflix-shard-00-01.g7y6a.mongodb.net:27017, mflix-shard-00-02.g7y6a.mongodb.net:27017], passives=[], arbiters=[], primary='mflix-shard-00-02.g7y6a.mongodb.net:27017', tagSet=TagSet{[Tag{name='nodeType', value='ELECTABLE'}, Tag{name='provider', value='AWS'}, Tag{name='workloadType', value='OPERATIONAL'}, Tag{name='region', value='US_EAST_1'}]}, electionId=7fffffff0000000000000004, setVersion=1, lastWriteDate=Thu May 06 14:00:46 WET 2021, lastUpdateTimeNanos=1391913735194100}
2021-05-06 14:00:45.836  INFO 47492 --- [ngodb.net:27017] org.mongodb.driver.cluster               : Monitor thread successfully connected to server with description ServerDescription{address=mflix-shard-00-01.g7y6a.mongodb.net:27017, type=REPLICA_SET_SECONDARY, state=CONNECTED, ok=true, version=ServerVersion{versionList=[4, 4, 5]}, minWireVersion=0, maxWireVersion=9, maxDocumentSize=16777216, logicalSessionTimeoutMinutes=30, roundTripTimeNanos=131432260, setName='atlas-sbpqgj-shard-0', canonicalAddress=mflix-shard-00-01.g7y6a.mongodb.net:27017, hosts=[mflix-shard-00-00.g7y6a.mongodb.net:27017, mflix-shard-00-01.g7y6a.mongodb.net:27017, mflix-shard-00-02.g7y6a.mongodb.net:27017], passives=[], arbiters=[], primary='mflix-shard-00-02.g7y6a.mongodb.net:27017', tagSet=TagSet{[Tag{name='nodeType', value='ELECTABLE'}, Tag{name='workloadType', value='OPERATIONAL'}, Tag{name='region', value='US_EAST_1'}, Tag{name='provider', value='AWS'}]}, electionId=null, setVersion=1, lastWriteDate=Thu May 06 14:00:46 WET 2021, lastUpdateTimeNanos=1391913756828500}
2021-05-06 14:00:45.854  INFO 47492 --- [           main] org.mongodb.driver.cluster               : Cluster created with settings {hosts=[mflix-shard-00-02.g7y6a.mongodb.net:27017, mflix-shard-00-01.g7y6a.mongodb.net:27017, mflix-shard-00-00.g7y6a.mongodb.net:27017], mode=MULTIPLE, requiredClusterType=REPLICA_SET, serverSelectionTimeout='30000 ms', maxWaitQueueSize=500, requiredReplicaSetName='atlas-sbpqgj-shard-0'}
2021-05-06 14:00:45.855  INFO 47492 --- [           main] org.mongodb.driver.cluster               : Adding discovered server mflix-shard-00-02.g7y6a.mongodb.net:27017 to client view of cluster
2021-05-06 14:00:45.855  INFO 47492 --- [           main] org.mongodb.driver.cluster               : Adding discovered server mflix-shard-00-01.g7y6a.mongodb.net:27017 to client view of cluster
2021-05-06 14:00:45.856  INFO 47492 --- [           main] org.mongodb.driver.cluster               : Adding discovered server mflix-shard-00-00.g7y6a.mongodb.net:27017 to client view of cluster
2021-05-06 14:00:45.857  INFO 47492 --- [           main] org.mongodb.driver.cluster               : No server chosen by com.mongodb.client.internal.MongoClientDelegate$1@4def7d36 from cluster description ClusterDescription{type=REPLICA_SET, connectionMode=MULTIPLE, serverDescriptions=[ServerDescription{address=mflix-shard-00-02.g7y6a.mongodb.net:27017, type=UNKNOWN, state=CONNECTING}, ServerDescription{address=mflix-shard-00-01.g7y6a.mongodb.net:27017, type=UNKNOWN, state=CONNECTING}, ServerDescription{address=mflix-shard-00-00.g7y6a.mongodb.net:27017, type=UNKNOWN, state=CONNECTING}]}. Waiting for 30000 ms before timing out
2021-05-06 14:00:46.435  INFO 47492 --- [ngodb.net:27017] org.mongodb.driver.connection            : Opened connection [connectionId{localValue:17, serverValue:151254}] to mflix-shard-00-02.g7y6a.mongodb.net:27017
2021-05-06 14:00:46.436  INFO 47492 --- [ngodb.net:27017] org.mongodb.driver.connection            : Opened connection [connectionId{localValue:19, serverValue:143474}] to mflix-shard-00-00.g7y6a.mongodb.net:27017
2021-05-06 14:00:46.456  INFO 47492 --- [ngodb.net:27017] org.mongodb.driver.connection            : Opened connection [connectionId{localValue:18, serverValue:142930}] to mflix-shard-00-01.g7y6a.mongodb.net:27017
2021-05-06 14:00:46.552  INFO 47492 --- [ngodb.net:27017] org.mongodb.driver.cluster               : Monitor thread successfully connected to server with description ServerDescription{address=mflix-shard-00-02.g7y6a.mongodb.net:27017, type=REPLICA_SET_PRIMARY, state=CONNECTED, ok=true, version=ServerVersion{versionList=[4, 4, 5]}, minWireVersion=0, maxWireVersion=9, maxDocumentSize=16777216, logicalSessionTimeoutMinutes=30, roundTripTimeNanos=115971200, setName='atlas-sbpqgj-shard-0', canonicalAddress=mflix-shard-00-02.g7y6a.mongodb.net:27017, hosts=[mflix-shard-00-00.g7y6a.mongodb.net:27017, mflix-shard-00-01.g7y6a.mongodb.net:27017, mflix-shard-00-02.g7y6a.mongodb.net:27017], passives=[], arbiters=[], primary='mflix-shard-00-02.g7y6a.mongodb.net:27017', tagSet=TagSet{[Tag{name='provider', value='AWS'}, Tag{name='workloadType', value='OPERATIONAL'}, Tag{name='region', value='US_EAST_1'}, Tag{name='nodeType', value='ELECTABLE'}]}, electionId=7fffffff0000000000000004, setVersion=1, lastWriteDate=Thu May 06 14:00:47 WET 2021, lastUpdateTimeNanos=1391914471891200}
2021-05-06 14:00:46.552  INFO 47492 --- [ngodb.net:27017] org.mongodb.driver.cluster               : Monitor thread successfully connected to server with description ServerDescription{address=mflix-shard-00-00.g7y6a.mongodb.net:27017, type=REPLICA_SET_SECONDARY, state=CONNECTED, ok=true, version=ServerVersion{versionList=[4, 4, 5]}, minWireVersion=0, maxWireVersion=9, maxDocumentSize=16777216, logicalSessionTimeoutMinutes=30, roundTripTimeNanos=115658000, setName='atlas-sbpqgj-shard-0', canonicalAddress=mflix-shard-00-00.g7y6a.mongodb.net:27017, hosts=[mflix-shard-00-00.g7y6a.mongodb.net:27017, mflix-shard-00-01.g7y6a.mongodb.net:27017, mflix-shard-00-02.g7y6a.mongodb.net:27017], passives=[], arbiters=[], primary='mflix-shard-00-02.g7y6a.mongodb.net:27017', tagSet=TagSet{[Tag{name='region', value='US_EAST_1'}, Tag{name='nodeType', value='ELECTABLE'}, Tag{name='provider', value='AWS'}, Tag{name='workloadType', value='OPERATIONAL'}]}, electionId=null, setVersion=1, lastWriteDate=Thu May 06 14:00:47 WET 2021, lastUpdateTimeNanos=1391914472064200}
2021-05-06 14:00:46.552  INFO 47492 --- [ngodb.net:27017] org.mongodb.driver.cluster               : Setting max election id to 7fffffff0000000000000004 from replica set primary mflix-shard-00-02.g7y6a.mongodb.net:27017
2021-05-06 14:00:46.552  INFO 47492 --- [ngodb.net:27017] org.mongodb.driver.cluster               : Setting max set version to 1 from replica set primary mflix-shard-00-02.g7y6a.mongodb.net:27017
2021-05-06 14:00:46.553  INFO 47492 --- [ngodb.net:27017] org.mongodb.driver.cluster               : Discovered replica set primary mflix-shard-00-02.g7y6a.mongodb.net:27017
2021-05-06 14:00:46.562  INFO 47492 --- [ngodb.net:27017] org.mongodb.driver.cluster               : Monitor thread successfully connected to server with description ServerDescription{address=mflix-shard-00-01.g7y6a.mongodb.net:27017, type=REPLICA_SET_SECONDARY, state=CONNECTED, ok=true, version=ServerVersion{versionList=[4, 4, 5]}, minWireVersion=0, maxWireVersion=9, maxDocumentSize=16777216, logicalSessionTimeoutMinutes=30, roundTripTimeNanos=105562200, setName='atlas-sbpqgj-shard-0', canonicalAddress=mflix-shard-00-01.g7y6a.mongodb.net:27017, hosts=[mflix-shard-00-00.g7y6a.mongodb.net:27017, mflix-shard-00-01.g7y6a.mongodb.net:27017, mflix-shard-00-02.g7y6a.mongodb.net:27017], passives=[], arbiters=[], primary='mflix-shard-00-02.g7y6a.mongodb.net:27017', tagSet=TagSet{[Tag{name='nodeType', value='ELECTABLE'}, Tag{name='workloadType', value='OPERATIONAL'}, Tag{name='region', value='US_EAST_1'}, Tag{name='provider', value='AWS'}]}, electionId=null, setVersion=1, lastWriteDate=Thu May 06 14:00:47 WET 2021, lastUpdateTimeNanos=1391914482358800}
2021-05-06 14:00:47.450  INFO 47492 --- [           main] org.mongodb.driver.connection            : Opened connection [connectionId{localValue:20, serverValue:151244}] to mflix-shard-00-02.g7y6a.mongodb.net:27017
]]></system-out>
  </testcase>
</testsuite>